TN:
SF:/home/scippio/projects/api-aweber/src/api/Aweber.js
FN:8,(anonymous_1)
FN:14,(anonymous_2)
FN:21,(anonymous_3)
FN:36,(anonymous_4)
FN:51,(anonymous_5)
FN:73,(anonymous_6)
FN:94,(anonymous_7)
FN:110,(anonymous_8)
FN:126,(anonymous_9)
FN:265,(anonymous_10)
FN:294,(anonymous_11)
FNF:11
FNH:11
FNDA:8,(anonymous_1)
FNDA:8,(anonymous_2)
FNDA:1,(anonymous_3)
FNDA:1,(anonymous_4)
FNDA:2,(anonymous_5)
FNDA:2,(anonymous_6)
FNDA:1,(anonymous_7)
FNDA:1,(anonymous_8)
FNDA:8,(anonymous_9)
FNDA:8,(anonymous_10)
FNDA:8,(anonymous_11)
DA:2,1
DA:3,1
DA:4,1
DA:5,1
DA:6,1
DA:9,8
DA:10,8
DA:11,8
DA:12,8
DA:15,8
DA:16,8
DA:22,1
DA:23,1
DA:31,1
DA:32,1
DA:33,1
DA:37,1
DA:38,1
DA:46,1
DA:47,1
DA:48,1
DA:52,2
DA:53,2
DA:61,2
DA:62,10
DA:63,2
DA:65,8
DA:67,2
DA:68,2
DA:69,2
DA:70,1
DA:74,2
DA:75,2
DA:85,2
DA:86,2
DA:87,2
DA:88,2
DA:89,1
DA:90,1
DA:95,1
DA:96,1
DA:104,1
DA:105,1
DA:106,1
DA:107,1
DA:111,1
DA:112,1
DA:121,1
DA:122,1
DA:123,1
DA:127,8
DA:128,8
DA:129,1
DA:136,7
DA:142,8
DA:143,8
DA:145,4
DA:146,1
DA:147,4
DA:149,4
DA:150,1
DA:151,4
DA:153,0
DA:154,1
DA:155,0
DA:160,4
DA:166,8
DA:168,2
DA:169,1
DA:170,2
DA:171,2
DA:172,1
DA:174,2
DA:175,1
DA:176,2
DA:178,1
DA:179,1
DA:180,1
DA:185,1
DA:191,8
DA:193,1
DA:194,1
DA:195,1
DA:197,1
DA:198,1
DA:199,1
DA:201,0
DA:202,1
DA:203,0
DA:208,1
DA:214,8
DA:216,1
DA:217,1
DA:218,1
DA:220,1
DA:221,1
DA:222,1
DA:224,0
DA:225,1
DA:226,0
DA:230,1
DA:268,8
DA:271,8
DA:272,8
DA:280,8
DA:281,8
DA:282,8
DA:283,8
DA:284,65
DA:286,8
DA:287,8
DA:288,8
DA:291,8
DA:296,8
DA:297,8
DA:298,8
DA:299,256
DA:300,256
DA:301,128
DA:304,128
DA:307,8
DA:310,1
LF:122
LH:116
BRDA:62,1,0,2
BRDA:62,1,1,8
BRDA:87,2,0,2
BRDA:87,2,1,0
BRDA:88,3,0,1
BRDA:88,3,1,1
BRDA:106,4,0,1
BRDA:106,4,1,0
BRDA:128,5,0,1
BRDA:128,5,1,7
BRDA:143,6,0,4
BRDA:143,6,1,4
BRDA:145,7,0,0
BRDA:145,7,1,4
BRDA:149,8,0,0
BRDA:149,8,1,4
BRDA:151,9,0,0
BRDA:151,9,1,4
BRDA:153,10,0,0
BRDA:153,10,1,0
BRDA:166,11,0,2
BRDA:166,11,1,6
BRDA:168,12,0,1
BRDA:168,12,1,1
BRDA:171,13,0,1
BRDA:171,13,1,1
BRDA:171,14,0,2
BRDA:171,14,1,1
BRDA:174,15,0,1
BRDA:174,15,1,1
BRDA:176,16,0,1
BRDA:176,16,1,1
BRDA:178,17,0,0
BRDA:178,17,1,1
BRDA:191,18,0,1
BRDA:191,18,1,7
BRDA:193,19,0,0
BRDA:193,19,1,1
BRDA:197,20,0,0
BRDA:197,20,1,1
BRDA:199,21,0,0
BRDA:199,21,1,1
BRDA:201,22,0,0
BRDA:201,22,1,0
BRDA:214,23,0,1
BRDA:214,23,1,7
BRDA:216,24,0,0
BRDA:216,24,1,1
BRDA:220,25,0,0
BRDA:220,25,1,1
BRDA:222,26,0,0
BRDA:222,26,1,1
BRDA:224,27,0,0
BRDA:224,27,1,0
BRDA:300,28,0,128
BRDA:300,28,1,128
BRF:56
BRH:48
end_of_record
